<?xml version="1.0" encoding="UTF-8"?>
<!-- Generated by org.testng.reporters.JUnitXMLReporter -->
<testsuite ignored="7" hostname="LIN-J4ZS7G3" failures="0" tests="1" name="Default test" time="12.305" errors="0" timestamp="2025-01-17T16:38:57 IST">
  <testcase classname="Day1.Test1" name="tc8" time="6.577"/>
  <testcase classname="Day1.Test1" name="tc1" time="0.0">
    <ignored/>
  </testcase> <!-- tc1 -->
  <testcase classname="Day1.Test1" name="tc2" time="0.0">
    <ignored/>
  </testcase> <!-- tc2 -->
  <testcase classname="Day1.Test1" name="tc3" time="0.0">
    <ignored/>
  </testcase> <!-- tc3 -->
  <testcase classname="Day1.Test1" name="tc4" time="0.0">
    <ignored/>
  </testcase> <!-- tc4 -->
  <testcase classname="Day1.Test1" name="tc5" time="0.0">
    <ignored/>
  </testcase> <!-- tc5 -->
  <testcase classname="Day1.Test1" name="tc6" time="0.0">
    <ignored/>
  </testcase> <!-- tc6 -->
  <testcase classname="Day1.Test1" name="tc7" time="0.0">
    <ignored/>
  </testcase> <!-- tc7 -->
</testsuite> <!-- Default test -->
