<?xml version="1.0" encoding="UTF-8"?>
<testng-results ignored="0" total="1" passed="1" failed="0" skipped="0">
  <reporter-output>
  </reporter-output>
  <suite started-at="2025-01-16T17:50:33 IST" name="Default suite" finished-at="2025-01-16T17:50:43 IST" duration-ms="10397">
    <groups>
    </groups>
    <test started-at="2025-01-16T17:50:33 IST" name="Default test" finished-at="2025-01-16T17:50:43 IST" duration-ms="10397">
      <class name="Day1.Test1">
        <test-method is-config="true" signature="setUp()[pri:0, instance:Day1.Test1@6025e1b6]" started-at="2025-01-16T17:50:33 IST" name="setUp" finished-at="2025-01-16T17:50:39 IST" duration-ms="6200" status="PASS">
          <reporter-output>
          </reporter-output>
        </test-method> <!-- setUp -->
        <test-method signature="tc5()[pri:0, instance:Day1.Test1@6025e1b6]" started-at="2025-01-16T17:50:39 IST" name="tc5" finished-at="2025-01-16T17:50:43 IST" duration-ms="3666" status="PASS">
          <reporter-output>
          </reporter-output>
        </test-method> <!-- tc5 -->
        <test-method is-config="true" signature="tearDown()[pri:0, instance:Day1.Test1@6025e1b6]" started-at="2025-01-16T17:50:43 IST" name="tearDown" finished-at="2025-01-16T17:50:43 IST" duration-ms="452" status="PASS">
          <reporter-output>
          </reporter-output>
        </test-method> <!-- tearDown -->
      </class> <!-- Day1.Test1 -->
    </test> <!-- Default test -->
  </suite> <!-- Default suite -->
</testng-results>
