<?xml version="1.0" encoding="UTF-8"?>
<testng-results ignored="0" total="1" passed="1" failed="0" skipped="0">
  <reporter-output>
  </reporter-output>
  <suite started-at="2025-01-17T16:38:45 IST" name="Default suite" finished-at="2025-01-17T16:38:57 IST" duration-ms="12305">
    <groups>
    </groups>
    <test started-at="2025-01-17T16:38:45 IST" name="Default test" finished-at="2025-01-17T16:38:57 IST" duration-ms="12305">
      <class name="Day1.Test1">
        <test-method is-config="true" signature="setUp()[pri:0, instance:Day1.Test1@4c402120]" started-at="2025-01-17T16:38:45 IST" name="setUp" finished-at="2025-01-17T16:38:50 IST" duration-ms="5246" status="PASS">
          <reporter-output>
          </reporter-output>
        </test-method> <!-- setUp -->
        <test-method signature="tc8()[pri:0, instance:Day1.Test1@4c402120]" started-at="2025-01-17T16:38:50 IST" name="tc8" finished-at="2025-01-17T16:38:57 IST" duration-ms="6577" status="PASS">
          <reporter-output>
          </reporter-output>
        </test-method> <!-- tc8 -->
        <test-method is-config="true" signature="tearDown()[pri:0, instance:Day1.Test1@4c402120]" started-at="2025-01-17T16:38:57 IST" name="tearDown" finished-at="2025-01-17T16:38:57 IST" duration-ms="427" status="PASS">
          <reporter-output>
          </reporter-output>
        </test-method> <!-- tearDown -->
      </class> <!-- Day1.Test1 -->
    </test> <!-- Default test -->
  </suite> <!-- Default suite -->
</testng-results>
